<?xml version="1.0" encoding="UTF-8"?>
<testng-results ignored="0" total="1" passed="1" failed="0" skipped="0">
  <reporter-output>
  </reporter-output>
  <suite started-at="2022-02-14T17:27:47 IST" name="Suite" finished-at="2022-02-14T17:28:07 IST" duration-ms="19993">
    <groups>
    </groups>
    <test started-at="2022-02-14T17:27:47 IST" name="Test" finished-at="2022-02-14T17:28:07 IST" duration-ms="19993">
      <class name="com.redbus.RedBus">
        <test-method signature="seatBooking()[pri:0, instance:com.redbus.RedBus@4738a206]" started-at="2022-02-14T17:27:47 IST" name="seatBooking" finished-at="2022-02-14T17:28:07 IST" duration-ms="19967" status="PASS">
          <reporter-output>
          </reporter-output>
        </test-method> <!-- seatBooking -->
      </class> <!-- com.redbus.RedBus -->
    </test> <!-- Test -->
  </suite> <!-- Suite -->
</testng-results>
